<?xml version="1.0" encoding="UTF-8"?>
<!-- Generated by org.testng.reporters.JUnitReportReporter -->
<testsuite hostname="Neha-PC" failures="0" tests="1" name="org.iit.mmp.patientmodule.tests.ViewInformationTest" time="13.690" errors="0" timestamp="29 May 2020 12:34:45 GMT">
  <testcase classname="org.iit.mmp.patientmodule.tests.ViewInformationTest" name="validateviewInforamtion" time="13.690"/>
</testsuite> <!-- org.iit.mmp.patientmodule.tests.ViewInformationTest -->
