<?xml version="1.0" encoding="UTF-8"?>
<!-- Generated by org.testng.reporters.JUnitReportReporter -->
<testsuite hostname="Neha-PC" failures="0" tests="1" name="org.iit.adminmodule.tests.PayFeeTest" time="114.306" errors="0" timestamp="1 Jun 2020 00:33:02 GMT">
  <testcase classname="org.iit.adminmodule.tests.PayFeeTest" name="validate" time="114.306"/>
</testsuite> <!-- org.iit.adminmodule.tests.PayFeeTest -->
