<?xml version="1.0" encoding="UTF-8"?>
<!-- Generated by org.testng.reporters.JUnitReportReporter -->
<testsuite hostname="Neha-PC" failures="0" tests="3" name="org.Realtime.MMPProejct.ViewInformationTestcase" time="17.642" errors="0" timestamp="4 May 2020 10:55:43 GMT">
  <testcase classname="org.Realtime.MMPProejct.ViewInformationTestcase" name="Login" time="7.122"/>
  <testcase classname="org.Realtime.MMPProejct.ViewInformationTestcase" name="ValidateInformationMsg" time="0.046"/>
  <testcase classname="org.Realtime.MMPProejct.ViewInformationTestcase" name="Launchsite" time="10.474"/>
</testsuite> <!-- org.Realtime.MMPProejct.ViewInformationTestcase -->
