<?xml version="1.0" encoding="UTF-8"?>
<!-- Generated by org.testng.reporters.JUnitReportReporter -->
<testsuite hostname="Neha-PC" failures="0" tests="1" name="org.iit.mmp.patientmodule.tests.EditUpdateProfileTestCase" time="18.308" errors="0" timestamp="9 Jun 2020 20:53:26 GMT">
  <testcase classname="org.iit.mmp.patientmodule.tests.EditUpdateProfileTestCase" name="ValidateEditUpadateProfile" time="18.308"/>
</testsuite> <!-- org.iit.mmp.patientmodule.tests.EditUpdateProfileTestCase -->
