<?xml version="1.0" encoding="UTF-8"?>
<!-- Generated by org.testng.reporters.JUnitReportReporter -->
<testsuite hostname="Neha-PC" failures="0" tests="1" name="org.iit.mmp.patientmodule.tests.ScheduleAppointmentTest" time="128.943" errors="0" timestamp="30 May 2020 18:37:55 GMT">
  <testcase classname="org.iit.mmp.patientmodule.tests.ScheduleAppointmentTest" name="validateAppointmentDetails" time="128.943"/>
</testsuite> <!-- org.iit.mmp.patientmodule.tests.ScheduleAppointmentTest -->
