<?xml version="1.0" encoding="UTF-8"?>
<!-- Generated by org.testng.reporters.JUnitReportReporter -->
<testsuite hostname="Neha-PC" failures="0" tests="1" name="org.iit.mmp.patientmodule.tests.ScheduleAppointmentTest" time="100.345" errors="0" timestamp="10 Jun 2020 13:13:06 GMT">
  <testcase classname="org.iit.mmp.patientmodule.tests.ScheduleAppointmentTest" name="validateAppointmentDetails" time="100.345"/>
</testsuite> <!-- org.iit.mmp.patientmodule.tests.ScheduleAppointmentTest -->
