<?xml version="1.0" encoding="UTF-8"?>
<!-- Generated by org.testng.reporters.JUnitReportReporter -->
<testsuite hostname="Neha-PC" failures="0" tests="1" name="org.iit.adminmodule.tests.ScheduleAdminTest" time="38.656" errors="0" timestamp="29 May 2020 20:44:30 GMT">
  <testcase classname="org.iit.adminmodule.tests.ScheduleAdminTest" name="ValidateAppointmentInAdmin" time="38.656"/>
</testsuite> <!-- org.iit.adminmodule.tests.ScheduleAdminTest -->
