<?xml version="1.0" encoding="UTF-8"?>
<!-- Generated by org.testng.reporters.JUnitReportReporter -->
<testsuite hostname="Neha-PC" failures="0" tests="1" name="org.iit.adminmodule.pages.PatientsPage" time="0.048" errors="0" timestamp="5 May 2020 11:13:48 GMT">
  <testcase classname="org.iit.adminmodule.pages.PatientsPage" name="viewpatientPage" time="0.048"/>
</testsuite> <!-- org.iit.adminmodule.pages.PatientsPage -->
