<?xml version="1.0" encoding="UTF-8"?>
<!-- Generated by org.testng.reporters.JUnitReportReporter -->
<testsuite hostname="Neha-PC" failures="0" tests="1" name="org.iit.mmp.patientmodule.tests.ViewInformationTest" time="19.145" errors="0" timestamp="2 Jun 2020 19:04:18 GMT">
  <testcase classname="org.iit.mmp.patientmodule.tests.ViewInformationTest" name="validateviewInforamtion" time="19.145"/>
</testsuite> <!-- org.iit.mmp.patientmodule.tests.ViewInformationTest -->
